\BOOKMARK [0][-]{chapter*.1}{Υπεύθυνη δήλωση}{}% 1
\BOOKMARK [0][-]{chapter*.2}{Σύνοψη}{}% 2
\BOOKMARK [0][-]{chapter*.6}{Πρόλογος}{}% 3
\BOOKMARK [0][-]{chapter*.9}{Ευχαριστίες}{}% 4
\BOOKMARK [0][-]{chapter*.10}{Ορισμοί}{}% 5
\BOOKMARK [0][-]{chapter.1}{Case\040Tools}{}% 6
\BOOKMARK [1][-]{section.1.1}{Kοινές λειτουργίες}{chapter.1}% 7
\BOOKMARK [1][-]{section.1.2}{Γιατί;}{chapter.1}% 8
\BOOKMARK [1][-]{section.1.3}{Χρήση}{chapter.1}% 9
\BOOKMARK [1][-]{section.1.4}{Χαρακτηριστικά ενός καλού case tool}{chapter.1}% 10
\BOOKMARK [0][-]{chapter.2}{Game\040Engineering}{}% 11
\BOOKMARK [1][-]{section.2.1}{Μηχανές Γραφικών}{chapter.2}% 12
\BOOKMARK [2][-]{subsection.2.1.1}{Ιστορία}{section.2.1}% 13
\BOOKMARK [1][-]{section.2.2}{Δομή μιας τυπικής ομάδας ανάπτυξης παιχνιδιών}{chapter.2}% 14
\BOOKMARK [2][-]{subsection.2.2.1}{Μηχανικοί}{section.2.2}% 15
\BOOKMARK [2][-]{subsection.2.2.2}{Artists}{section.2.2}% 16
\BOOKMARK [2][-]{subsection.2.2.3}{Game\040Designers}{section.2.2}% 17
\BOOKMARK [2][-]{subsection.2.2.4}{Producers}{section.2.2}% 18
\BOOKMARK [1][-]{section.2.3}{Τι είναι μια μηχανή γραφικών}{chapter.2}% 19
\BOOKMARK [1][-]{section.2.4}{Γιατί μηχανές γραφικών;}{chapter.2}% 20
\BOOKMARK [0][-]{chapter.3}{Ο πηρύνας της Μηχανής}{}% 21
\BOOKMARK [1][-]{section.3.1}{Game\040Loop}{chapter.3}% 22
\BOOKMARK [1][-]{section.3.2}{ScreenSystem}{chapter.3}% 23
\BOOKMARK [1][-]{section.3.3}{Input\040System}{chapter.3}% 24
\BOOKMARK [0][-]{chapter.4}{Διαδικτύωση}{}% 25
\BOOKMARK [1][-]{section.4.1}{Το πρόβλημα}{chapter.4}% 26
\BOOKMARK [2][-]{subsection.4.1.1}{Περιγραφή του προβλήματος}{section.4.1}% 27
\BOOKMARK [2][-]{subsection.4.1.2}{Κατανόηση του προβλήματος}{section.4.1}% 28
\BOOKMARK [2][-]{subsection.4.1.3}{Εξαγωγή απαιτήσεων}{section.4.1}% 29
\BOOKMARK [1][-]{section.4.2}{Εκπόνηση σχεδίου}{chapter.4}% 30
\BOOKMARK [2][-]{subsection.4.2.1}{Επιλογή πρωτοκόλου}{section.4.2}% 31
\BOOKMARK [2][-]{subsection.4.2.2}{Επιλογή αρχιτεκτονικής δικτύου}{section.4.2}% 32
\BOOKMARK [1][-]{section.4.3}{Σχεδίαση του framework}{chapter.4}% 33
\BOOKMARK [2][-]{subsection.4.3.1}{Έννοιες}{section.4.3}% 34
\BOOKMARK [2][-]{subsection.4.3.2}{Τύποι μηνυμάτων}{section.4.3}% 35
\BOOKMARK [2][-]{subsection.4.3.3}{NetworkManager}{section.4.3}% 36
\BOOKMARK [1][-]{section.4.4}{Υλοποίηση}{chapter.4}% 37
\BOOKMARK [2][-]{subsection.4.4.1}{Τρόπος χρήσης}{section.4.4}% 38
\BOOKMARK [2][-]{subsection.4.4.2}{Αρχιτεκτονική}{section.4.4}% 39
\BOOKMARK [2][-]{subsection.4.4.3}{Packages\040Module}{section.4.4}% 40
\BOOKMARK [2][-]{subsection.4.4.4}{Networking\040Module}{section.4.4}% 41
\BOOKMARK [2][-]{subsection.4.4.5}{API}{section.4.4}% 42
\BOOKMARK [1][-]{section.4.5}{Testing}{chapter.4}% 43
\BOOKMARK [1][-]{section.4.6}{Ανάλυση των επιδόσεων}{chapter.4}% 44
\BOOKMARK [1][-]{section.4.7}{Επεκτασιμότητα}{chapter.4}% 45
\BOOKMARK [0][-]{chapter.5}{Περίληψη}{}% 46
\BOOKMARK [0][-]{chapter*.20}{Γλωσσάρι}{}% 47
